This is LattE integrale 1.7.6
Available from http://www.math.ucdavis.edu/~latte/

Invocation: integrate --valuation=volume --triangulate --triangulation=4ti2 --dualization=4ti2 --compute-vertex-cones=4ti2 --cdd ./results/ocds_exact_p_3_k_2_dec_4_rndeps_0_appeps_1_10_generalist_n_1000/input_0_run_2.ine 
Warning: Not performing check for empty polytope, because it is unimplemented for the CDD-style input format. 
size = 17 x 9
Number Type = rational
Removing redundant inequalities and finding hidden equalities using cddlib...done. 
Ax <= b, given as (b|-A):
=========================
[-100 0 1 0 1 1 0 1 0]
[700 0 0 -1 -1 -1 -1 0 0]
[1800 -1 -2 -2 -1 -2 -1 -1 0]
[0 1 0 0 0 0 0 0 0]
[800 1 0 0 -1 0 -1 -1 0]
[-200 1 1 1 1 0 0 0 0]
[700 0 -1 0 -1 -1 0 -1 0]
[0 0 0 0 0 1 0 0 0]
[-100 0 0 1 1 1 1 0 0]
[0 0 0 0 0 0 1 0 0]
[0 0 0 0 0 0 0 1 0]
[1000 -1 -1 -1 -1 -1 -1 -1 0]
[0 0 1 0 0 0 0 0 0]
[0 0 0 1 0 0 0 0 0]
[0 0 0 0 1 0 0 0 0]
[800 -1 -1 -1 -1 0 0 0 0]

Ax = b, given as (b|-A):
========================
[-1000 1 1 1 1 1 1 1 1]

Computing hermitean normal form.
sol:
[-1000 0 0 0 0 0 0 0]
Particular solution:
[1000 0 0 0 0 0 0 0]
Basis:
[-1 1 0 0 0 0 0 0]
[-1 0 1 0 0 0 0 0]
[-1 0 0 1 0 0 0 0]
[-1 0 0 0 1 0 0 0]
[-1 0 0 0 0 1 0 0]
[-1 0 0 0 0 0 1 0]
[-1 0 0 0 0 0 0 1]
New inequalities:
[-100 1 0 1 1 0 1 0 0]
[700 0 -1 -1 -1 -1 0 0 0]
[800 -1 -1 0 -1 0 0 1 0]
[1000 -1 -1 -1 -1 -1 -1 -1 0]
[1800 -1 -1 -2 -1 -2 -2 -1 0]
[800 0 0 0 -1 -1 -1 -1 0]
[700 -1 0 -1 -1 0 -1 0 0]
[0 0 0 0 1 0 0 0 0]
[-100 0 1 1 1 1 0 0 0]
[0 0 0 0 0 1 0 0 0]
[0 0 0 0 0 0 1 0 0]
[0 0 0 0 0 0 0 1 0]
[0 1 0 0 0 0 0 0 0]
[0 0 1 0 0 0 0 0 0]
[0 0 0 1 0 0 0 0 0]
[-200 0 0 0 1 1 1 1 0]
Time for reading and preprocessing: 0.01 sec
(First dualizing back... Dualizing all cones...Ray Support Algorithm.
The codimension is 16

  Left =   8,  Col =  10,  Size =        8  Time:  0.00
  Left =   8,  Col =  10,  Size =        8,   Index = 0/4
  Left =   8,  Col =  10,  Size =       20,  Time:  0.00                

  Left =   7,  Col =   7,  Size =       20  Time:  0.00
  Left =   7,  Col =   7,  Size =       11,   Index = 0/6
  Left =   7,  Col =   7,  Size =       27,  Time:  0.00                

  Left =   6,  Col =  11,  Size =       27  Time:  0.00
  Left =   6,  Col =  11,  Size =       16,   Index = 0/10
  Left =   6,  Col =  11,  Size =       39,  Time:  0.00                

  Left =   5,  Col =  14,  Size =       39  Time:  0.00
  Left =   5,  Col =  14,  Size =       20,   Index = 0/14
  Left =   5,  Col =  14,  Size =       44,  Time:  0.00                

  Left =   4,  Col =  12,  Size =       44  Time:  0.00
  Left =   4,  Col =  12,  Size =       29,   Index = 0/16
  Left =   4,  Col =  12,  Size =       70,  Time:  0.00                

  Left =   3,  Col =  13,  Size =       70  Time:  0.00
  Left =   3,  Col =  13,  Size =       54,   Index = 0/20
  Left =   3,  Col =  13,  Size =       92,  Time:  0.00                

  Left =   2,  Col =  15,  Size =       92  Time:  0.00
  Left =   2,  Col =  15,  Size =       78,   Index = 0/16
  Left =   2,  Col =  15,  Size =      114,  Time:  0.00                

  Left =   1,  Col =   8,  Size =      114  Time:  0.00
  Left =   1,  Col =   8,  Size =      105,   Index = 0/12
  Left =   1,  Col =   8,  Size =      134,  Time:  0.00                
All cones are now dualized.
Time for dualizing general cones: 0 sec
done!) Triangulating cone... Ray Support Algorithm.
The codimension is 135

  Left = 126,  Col =  35,  Size =        9  Time:  0.00
  Left = 126,  Col =  35,  Size =        9,   Index = 0/4
  Left = 126,  Col =  35,  Size =       24,  Time:  0.00                

  Left = 125,  Col =  13,  Size =       24  Time:  0.00
  Left = 125,  Col =  13,  Size =       16,   Index = 0/9
  Left = 125,  Col =  13,  Size =       40,  Time:  0.00                

  Left = 124,  Col =  66,  Size =       40  Time:  0.00
  Left = 124,  Col =  66,  Size =       25,   Index = 0/16
  Left = 124,  Col =  66,  Size =       66,  Time:  0.00                

  Left = 123,  Col = 112,  Size =       66  Time:  0.00
  Left = 123,  Col = 112,  Size =       34,   Index = 0/30
  Left = 123,  Col = 112,  Size =      101,  Time:  0.00                

  Left = 122,  Col = 134,  Size =      101  Time:  0.00
  Left = 122,  Col = 134,  Size =       52,   Index = 0/43
  Left = 122,  Col = 134,  Size =      117,  Time:  0.01                

  Left = 121,  Col = 129,  Size =      117  Time:  0.01
  Left = 121,  Col = 129,  Size =       60,   Index = 0/46
  Left = 121,  Col = 129,  Size =      129,  Time:  0.01                

  Left = 120,  Col =  36,  Size =      129  Time:  0.01
  Left = 120,  Col =  36,  Size =       64,   Index = 0/54
  Left = 120,  Col =  36,  Size =      168,  Time:  0.01                

  Left = 119,  Col = 102,  Size =      168  Time:  0.01
  Left = 119,  Col = 102,  Size =       86,   Index = 0/77
  Left = 119,  Col = 102,  Size =      180,  Time:  0.02                

  Left = 118,  Col =  29,  Size =      180  Time:  0.02
  Left = 118,  Col =  29,  Size =       93,   Index = 0/81
  Left = 118,  Col =  29,  Size =      205,  Time:  0.02                

  Left = 117,  Col =  12,  Size =      205  Time:  0.02
  Left = 117,  Col =  12,  Size =      114,   Index = 0/91
  Left = 117,  Col =  12,  Size =      212,  Time:  0.02                

  Left = 116,  Col =  19,  Size =      212  Time:  0.02
  Left = 116,  Col =  19,  Size =      122,   Index = 0/91
  Left = 116,  Col =  19,  Size =      282,  Time:  0.03                

  Left = 115,  Col =  37,  Size =      282  Time:  0.03
  Left = 115,  Col =  37,  Size =      173,   Index = 0/109
  Left = 115,  Col =  37,  Size =      284,  Time:  0.03                

  Left = 114,  Col =  16,  Size =      284  Time:  0.03
  Left = 114,  Col =  16,  Size =      181,   Index = 0/103
  Left = 114,  Col =  16,  Size =      316,  Time:  0.04                

  Left = 113,  Col =  26,  Size =      316  Time:  0.04
  Left = 113,  Col =  26,  Size =      210,   Index = 0/109
  Left = 113,  Col =  26,  Size =      386,  Time:  0.04                

  Left = 112,  Col =  64,  Size =      386  Time:  0.04
  Left = 112,  Col =  64,  Size =      243,   Index = 0/145
  Left = 112,  Col =  64,  Size =      503,  Time:  0.05                

  Left = 111,  Col = 130,  Size =      503  Time:  0.05
  Left = 111,  Col = 130,  Size =      348,   Index = 0/160
  Left = 111,  Col = 130,  Size =      547,  Time:  0.06                

  Left = 110,  Col =  44,  Size =      547  Time:  0.06
  Left = 110,  Col =  44,  Size =      369,   Index = 0/183
  Left = 110,  Col =  44,  Size =      727,  Time:  0.07                

  Left = 109,  Col =  73,  Size =      727  Time:  0.08
  Left = 109,  Col =  73,  Size =      500,   Index = 0/228
  Left = 109,  Col =  73,  Size =      761,  Time:  0.09                

  Left = 108,  Col =  63,  Size =      761  Time:  0.09
  Left = 108,  Col =  63,  Size =      520,   Index = 0/241
  Left = 108,  Col =  63,  Size =      866,  Time:  0.10                

  Left = 107,  Col = 116,  Size =      866  Time:  0.10
  Left = 107,  Col = 116,  Size =      567,   Index = 0/299
  Left = 107,  Col = 116,  Size =     1001,  Time:  0.12                

  Left = 106,  Col =  97,  Size =     1001  Time:  0.12
  Left = 106,  Col =  97,  Size =      681,   Index = 0/320
  Left = 106,  Col =  97,  Size =     1229,  Time:  0.14                

  Left = 105,  Col =  34,  Size =     1229  Time:  0.14
  Left = 105,  Col =  34,  Size =      884,   Index = 0/345
  Left = 105,  Col =  34,  Size =     1306,  Time:  0.16                

  Left = 104,  Col = 100,  Size =     1306  Time:  0.16
  Left = 104,  Col = 100,  Size =      889,   Index = 0/417
  Left = 104,  Col = 100,  Size =     1442,  Time:  0.18                

  Left = 103,  Col = 123,  Size =     1442  Time:  0.19
  Left = 103,  Col = 123,  Size =     1030,   Index = 0/412
  Left = 103,  Col = 123,  Size =     1529,  Time:  0.21                

  Left = 102,  Col = 119,  Size =     1529  Time:  0.22
  Left = 102,  Col = 119,  Size =     1174,   Index = 0/356
  Left = 102,  Col = 119,  Size =     1638,  Time:  0.24                

  Left = 101,  Col =  80,  Size =     1638  Time:  0.25
  Left = 101,  Col =  80,  Size =     1272,   Index = 0/367
  Left = 101,  Col =  80,  Size =     1794,  Time:  0.27                

  Left = 100,  Col =  47,  Size =     1794  Time:  0.28
  Left = 100,  Col =  47,  Size =     1420,   Index = 0/374
  Left = 100,  Col =  47,  Size =     1794,  Time:  0.30                

  Left =  99,  Col =  88,  Size =     1794  Time:  0.31
  Left =  99,  Col =  88,  Size =     1421,   Index = 0/373
  Left =  99,  Col =  88,  Size =     1931,  Time:  0.33                

  Left =  98,  Col = 109,  Size =     1931  Time:  0.34
  Left =  98,  Col = 109,  Size =     1517,   Index = 0/414
  Left =  98,  Col = 109,  Size =     2209,  Time:  0.37                

  Left =  97,  Col = 107,  Size =     2209  Time:  0.38
  Left =  97,  Col = 107,  Size =     1810,   Index = 0/400
  Left =  97,  Col = 107,  Size =     2283,  Time:  0.41                

  Left =  96,  Col =  17,  Size =     2283  Time:  0.42
  Left =  96,  Col =  17,  Size =     1916,   Index = 0/368
  Left =  96,  Col =  17,  Size =     2349,  Time:  0.45                

  Left =  95,  Col =  45,  Size =     2349  Time:  0.46
  Left =  95,  Col =  45,  Size =     2012,   Index = 0/340
  Left =  95,  Col =  45,  Size =     2483,  Time:  0.49                

  Left =  94,  Col =  83,  Size =     2483  Time:  0.51
  Left =  94,  Col =  83,  Size =     2177,   Index = 0/306
  Left =  94,  Col =  83,  Size =     2577,  Time:  0.54                

  Left =  93,  Col =  54,  Size =     2577  Time:  0.55
  Left =  93,  Col =  54,  Size =     2276,   Index = 0/303
  Left =  93,  Col =  54,  Size =     2647,  Time:  0.58                

  Left =  92,  Col =   9,  Size =     2647  Time:  0.59
  Left =  92,  Col =   9,  Size =     2342,   Index = 0/306
  Left =  92,  Col =   9,  Size =     2716,  Time:  0.62                

  Left =  91,  Col =  52,  Size =     2716  Time:  0.64
  Left =  91,  Col =  52,  Size =     2416,   Index = 0/300
  Left =  91,  Col =  52,  Size =     2700,  Time:  0.66                

  Left =  90,  Col = 110,  Size =     2700  Time:  0.68
  Left =  90,  Col = 110,  Size =     2469,   Index = 0/232
  Left =  90,  Col = 110,  Size =     2755,  Time:  0.71                

  Left =  89,  Col = 117,  Size =     2755  Time:  0.72
  Left =  89,  Col = 117,  Size =     2529,   Index = 0/228
  Left =  89,  Col = 117,  Size =     2870,  Time:  0.75                

  Left =  88,  Col =  95,  Size =     2870  Time:  0.77
  Left =  88,  Col =  95,  Size =     2674,   Index = 0/196
  Left =  88,  Col =  95,  Size =     2918,  Time:  0.80                

  Left =  87,  Col =  61,  Size =     2918  Time:  0.82
  Left =  87,  Col =  61,  Size =     2720,   Index = 0/199
  Left =  87,  Col =  61,  Size =     2934,  Time:  0.85                

  Left =  86,  Col =  28,  Size =     2934  Time:  0.87
  Left =  86,  Col =  28,  Size =     2787,   Index = 0/148
  Left =  86,  Col =  28,  Size =     3011,  Time:  0.90                

  Left =  85,  Col = 126,  Size =     3011  Time:  0.92
  Left =  85,  Col = 126,  Size =     2850,   Index = 0/164
  Left =  85,  Col = 126,  Size =     3034,  Time:  0.95                

  Left =  84,  Col = 106,  Size =     3034  Time:  0.97
  Left =  84,  Col = 106,  Size =     2886,   Index = 0/149
  Left =  84,  Col = 106,  Size =     3087,  Time:  1.01                

  Left =  83,  Col =  49,  Size =     3087  Time:  1.03
  Left =  83,  Col =  49,  Size =     2941,   Index = 0/149
  Left =  83,  Col =  49,  Size =     3112,  Time:  1.06                

  Left =  82,  Col =  43,  Size =     3112  Time:  1.08
  Left =  82,  Col =  43,  Size =     2961,   Index = 0/153
  Left =  82,  Col =  43,  Size =     3139,  Time:  1.10                

  Left =  81,  Col =  42,  Size =     3139  Time:  1.12
  Left =  81,  Col =  42,  Size =     3003,   Index = 0/137
  Left =  81,  Col =  42,  Size =     3246,  Time:  1.16                

  Left =  80,  Col =  92,  Size =     3246  Time:  1.19
  Left =  80,  Col =  92,  Size =     3102,   Index = 0/145
  Left =  80,  Col =  92,  Size =     3254,  Time:  1.22                

  Left =  79,  Col = 131,  Size =     3254  Time:  1.25
  Left =  79,  Col = 131,  Size =     3120,   Index = 0/135
  Left =  79,  Col = 131,  Size =     3283,  Time:  1.28                

  Left =  78,  Col =  67,  Size =     3283  Time:  1.31
  Left =  78,  Col =  67,  Size =     3151,   Index = 0/132
  Left =  78,  Col =  67,  Size =     3340,  Time:  1.34                

  Left =  77,  Col =  55,  Size =     3340  Time:  1.36
  Left =  77,  Col =  55,  Size =     3208,   Index = 0/132
  Left =  77,  Col =  55,  Size =     3375,  Time:  1.40                

  Left =  76,  Col = 121,  Size =     3375  Time:  1.42
  Left =  76,  Col = 121,  Size =     3251,   Index = 0/126
  Left =  76,  Col = 121,  Size =     3383,  Time:  1.45                

  Left =  75,  Col =  96,  Size =     3383  Time:  1.48
  Left =  75,  Col =  96,  Size =     3270,   Index = 0/113
  Left =  75,  Col =  96,  Size =     3429,  Time:  1.51                

  Left =  74,  Col =  62,  Size =     3429  Time:  1.53
  Left =  74,  Col =  62,  Size =     3324,   Index = 0/108
  Left =  74,  Col =  62,  Size =     3440,  Time:  1.56                

  Left =  73,  Col =  46,  Size =     3440  Time:  1.59
  Left =  73,  Col =  46,  Size =     3336,   Index = 0/105
  Left =  73,  Col =  46,  Size =     3471,  Time:  1.62                

  Left =  72,  Col =  41,  Size =     3471  Time:  1.64
  Left =  72,  Col =  41,  Size =     3370,   Index = 0/101
  Left =  72,  Col =  41,  Size =     3502,  Time:  1.69                

  Left =  71,  Col =  25,  Size =     3502  Time:  1.71
  Left =  71,  Col =  25,  Size =     3402,   Index = 0/100
  Left =  71,  Col =  25,  Size =     3539,  Time:  1.75                

  Left =  70,  Col = 127,  Size =     3539  Time:  1.78
  Left =  70,  Col = 127,  Size =     3429,   Index = 0/112
  Left =  70,  Col = 127,  Size =     3506,  Time:  1.81                

  Left =  69,  Col = 133,  Size =     3506  Time:  1.84
  Left =  69,  Col = 133,  Size =     3422,   Index = 0/84
  Left =  69,  Col = 133,  Size =     3495,  Time:  1.88                

  Left =  68,  Col =  72,  Size =     3495  Time:  1.90
  Left =  68,  Col =  72,  Size =     3412,   Index = 0/83
  Left =  68,  Col =  72,  Size =     3540,  Time:  1.94                

  Left =  67,  Col =  51,  Size =     3540  Time:  1.96
  Left =  67,  Col =  51,  Size =     3462,   Index = 0/79
  Left =  67,  Col =  51,  Size =     3533,  Time:  2.00                

  Left =  66,  Col =  82,  Size =     3533  Time:  2.02
  Left =  66,  Col =  82,  Size =     3461,   Index = 0/73
  Left =  66,  Col =  82,  Size =     3569,  Time:  2.06                

  Left =  65,  Col = 128,  Size =     3569  Time:  2.08
  Left =  65,  Col = 128,  Size =     3501,   Index = 0/68
  Left =  65,  Col = 128,  Size =     3578,  Time:  2.12                

  Left =  64,  Col =  81,  Size =     3578  Time:  2.15
  Left =  64,  Col =  81,  Size =     3516,   Index = 0/64
  Left =  64,  Col =  81,  Size =     3625,  Time:  2.19                

  Left =  63,  Col = 101,  Size =     3625  Time:  2.22
  Left =  63,  Col = 101,  Size =     3549,   Index = 0/79
  Left =  63,  Col = 101,  Size =     3619,  Time:  2.26                

  Left =  62,  Col =  87,  Size =     3619  Time:  2.29
  Left =  62,  Col =  87,  Size =     3557,   Index = 0/64
  Left =  62,  Col =  87,  Size =     3615,  Time:  2.33                

  Left =  61,  Col =  30,  Size =     3615  Time:  2.36
  Left =  61,  Col =  30,  Size =     3555,   Index = 0/63
  Left =  61,  Col =  30,  Size =     3650,  Time:  2.41                

  Left =  60,  Col = 120,  Size =     3650  Time:  2.44
  Left =  60,  Col = 120,  Size =     3589,   Index = 0/62
  Left =  60,  Col = 120,  Size =     3655,  Time:  2.49                

  Left =  59,  Col =  59,  Size =     3655  Time:  2.51
  Left =  59,  Col =  59,  Size =     3599,   Index = 0/59
  Left =  59,  Col =  59,  Size =     3671,  Time:  2.56                

  Left =  58,  Col =  74,  Size =     3671  Time:  2.59
  Left =  58,  Col =  74,  Size =     3613,   Index = 0/60
  Left =  58,  Col =  74,  Size =     3683,  Time:  2.64                

  Left =  57,  Col =  84,  Size =     3683  Time:  2.66
  Left =  57,  Col =  84,  Size =     3627,   Index = 0/58
  Left =  57,  Col =  84,  Size =     3699,  Time:  2.70                

  Left =  56,  Col =  65,  Size =     3699  Time:  2.73
  Left =  56,  Col =  65,  Size =     3645,   Index = 0/56
  Left =  56,  Col =  65,  Size =     3723,  Time:  2.77                

  Left =  55,  Col =  38,  Size =     3723  Time:  2.81
  Left =  55,  Col =  38,  Size =     3672,   Index = 0/52
  Left =  55,  Col =  38,  Size =     3720,  Time:  2.87                

  Left =  54,  Col =  27,  Size =     3720  Time:  2.91
  Left =  54,  Col =  27,  Size =     3680,   Index = 0/41
  Left =  54,  Col =  27,  Size =     3712,  Time:  2.95                

  Left =  53,  Col =  94,  Size =     3712  Time:  2.98
  Left =  53,  Col =  94,  Size =     3675,   Index = 0/40
  Left =  53,  Col =  94,  Size =     3726,  Time:  3.03                

  Left =  52,  Col = 103,  Size =     3726  Time:  3.05
  Left =  52,  Col = 103,  Size =     3688,   Index = 0/41
  Left =  52,  Col = 103,  Size =     3725,  Time:  3.09                

  Left =  51,  Col =  85,  Size =     3725  Time:  3.12
  Left =  51,  Col =  85,  Size =     3684,   Index = 0/44
  Left =  51,  Col =  85,  Size =     3769,  Time:  3.17                

  Left =  50,  Col =  33,  Size =     3769  Time:  3.21
  Left =  50,  Col =  33,  Size =     3724,   Index = 0/46
  Left =  50,  Col =  33,  Size =     3769,  Time:  3.26                

  Left =  49,  Col =  40,  Size =     3769  Time:  3.30
  Left =  49,  Col =  40,  Size =     3734,   Index = 0/38
  Left =  49,  Col =  40,  Size =     3780,  Time:  3.35                

  Left =  48,  Col =  48,  Size =     3780  Time:  3.39
  Left =  48,  Col =  48,  Size =     3745,   Index = 0/36
  Left =  48,  Col =  48,  Size =     3781,  Time:  3.45                

  Left =  47,  Col = 132,  Size =     3781  Time:  3.49
  Left =  47,  Col = 132,  Size =     3748,   Index = 0/34
  Left =  47,  Col = 132,  Size =     3779,  Time:  3.54                

  Left =  46,  Col =  39,  Size =     3779  Time:  3.57
  Left =  46,  Col =  39,  Size =     3753,   Index = 0/29
  Left =  46,  Col =  39,  Size =     3783,  Time:  3.62                

  Left =  45,  Col = 124,  Size =     3783  Time:  3.65
  Left =  45,  Col = 124,  Size =     3753,   Index = 0/32
  Left =  45,  Col = 124,  Size =     3790,  Time:  3.70                

  Left =  44,  Col =  89,  Size =     3790  Time:  3.73
  Left =  44,  Col =  89,  Size =     3764,   Index = 0/29
  Left =  44,  Col =  89,  Size =     3800,  Time:  3.80                

  Left =  43,  Col =  76,  Size =     3800  Time:  3.83
  Left =  43,  Col =  76,  Size =     3771,   Index = 0/30
  Left =  43,  Col =  76,  Size =     3813,  Time:  3.89                

  Left =  42,  Col =  50,  Size =     3813  Time:  3.92
  Left =  42,  Col =  50,  Size =     3788,   Index = 0/26
  Left =  42,  Col =  50,  Size =     3820,  Time:  3.98                

  Left =  41,  Col =  21,  Size =     3820  Time:  4.02
  Left =  41,  Col =  21,  Size =     3797,   Index = 0/23
  Left =  41,  Col =  21,  Size =     3823,  Time:  4.07                

  Left =  40,  Col = 108,  Size =     3823  Time:  4.12
  Left =  40,  Col = 108,  Size =     3800,   Index = 0/23
  Left =  40,  Col = 108,  Size =     3832,  Time:  4.18                

  Left =  39,  Col =  24,  Size =     3832  Time:  4.21
  Left =  39,  Col =  24,  Size =     3817,   Index = 0/18
  Left =  39,  Col =  24,  Size =     3855,  Time:  4.26                

  Left =  38,  Col =  23,  Size =     3855  Time:  4.30
  Left =  38,  Col =  23,  Size =     3828,   Index = 0/30
  Left =  38,  Col =  23,  Size =     3858,  Time:  4.35                

  Left =  37,  Col =  69,  Size =     3858  Time:  4.38
  Left =  37,  Col =  69,  Size =     3840,   Index = 0/18
  Left =  37,  Col =  69,  Size =     3867,  Time:  4.45                

  Left =  36,  Col =  11,  Size =     3867  Time:  4.48
  Left =  36,  Col =  11,  Size =     3852,   Index = 0/15
  Left =  36,  Col =  11,  Size =     3866,  Time:  4.54                

  Left =  35,  Col =  78,  Size =     3866  Time:  4.58
  Left =  35,  Col =  78,  Size =     3853,   Index = 0/14
  Left =  35,  Col =  78,  Size =     3863,  Time:  4.64                

  Left =  34,  Col =  22,  Size =     3863  Time:  4.68
  Left =  34,  Col =  22,  Size =     3850,   Index = 0/13
  Left =  34,  Col =  22,  Size =     3860,  Time:  4.74                

  Left =  33,  Col =  77,  Size =     3860  Time:  4.79
  Left =  33,  Col =  77,  Size =     3847,   Index = 0/13
  Left =  33,  Col =  77,  Size =     3866,  Time:  4.83                

  Left =  32,  Col =  18,  Size =     3866  Time:  4.86
  Left =  32,  Col =  18,  Size =     3854,   Index = 0/12
  Left =  32,  Col =  18,  Size =     3865,  Time:  4.90                

  Left =  31,  Col =  93,  Size =     3865  Time:  4.93
  Left =  31,  Col =  93,  Size =     3853,   Index = 0/12
  Left =  31,  Col =  93,  Size =     3863,  Time:  4.98                

  Left =  30,  Col = 113,  Size =     3863  Time:  5.03
  Left =  30,  Col = 113,  Size =     3853,   Index = 0/10
  Left =  30,  Col = 113,  Size =     3870,  Time:  5.07                

  Left =  29,  Col =  15,  Size =     3870  Time:  5.10
  Left =  29,  Col =  15,  Size =     3861,   Index = 0/9
  Left =  29,  Col =  15,  Size =     3868,  Time:  5.15                

  Left =  28,  Col =  31,  Size =     3868  Time:  5.20
  Left =  28,  Col =  31,  Size =     3859,   Index = 0/9
  Left =  28,  Col =  31,  Size =     3865,  Time:  5.25                

  Left =  27,  Col =  53,  Size =     3865  Time:  5.29
  Left =  27,  Col =  53,  Size =     3856,   Index = 0/9
  Left =  27,  Col =  53,  Size =     3868,  Time:  5.34                

  Left =  26,  Col =  70,  Size =     3868  Time:  5.39
  Left =  26,  Col =  70,  Size =     3861,   Index = 0/9
  Left =  26,  Col =  70,  Size =     3870,  Time:  5.45                

  Left =  25,  Col =  86,  Size =     3870  Time:  5.49
  Left =  25,  Col =  86,  Size =     3862,   Index = 0/9
  Left =  25,  Col =  86,  Size =     3874,  Time:  5.54                

  Left =  24,  Col = 122,  Size =     3874  Time:  5.58
  Left =  24,  Col = 122,  Size =     3867,   Index = 0/9
  Left =  24,  Col = 122,  Size =     3884,  Time:  5.66                

  Left =  23,  Col = 125,  Size =     3884  Time:  5.70
  Left =  23,  Col = 125,  Size =     3876,   Index = 0/10
  Left =  23,  Col = 125,  Size =     3889,  Time:  5.77                

  Left =  22,  Col =  98,  Size =     3889  Time:  5.82
  Left =  22,  Col =  98,  Size =     3883,   Index = 0/8
  Left =  22,  Col =  98,  Size =     3889,  Time:  5.89                

  Left =  21,  Col = 105,  Size =     3889  Time:  5.93
  Left =  21,  Col = 105,  Size =     3883,   Index = 0/8
  Left =  21,  Col = 105,  Size =     3890,  Time:  6.02                

  Left =  20,  Col =  75,  Size =     3890  Time:  6.07
  Left =  20,  Col =  75,  Size =     3886,   Index = 0/6
  Left =  20,  Col =  75,  Size =     3894,  Time:  6.14                

  Left =  19,  Col =  79,  Size =     3894  Time:  6.18
  Left =  19,  Col =  79,  Size =     3888,   Index = 0/6
  Left =  19,  Col =  79,  Size =     3894,  Time:  6.25                

  Left =  18,  Col =  58,  Size =     3894  Time:  6.29
  Left =  18,  Col =  58,  Size =     3891,   Index = 0/5
  Left =  18,  Col =  58,  Size =     3894,  Time:  6.36                

  Left =  17,  Col =   8,  Size =     3894  Time:  6.40
  Left =  17,  Col =   8,  Size =     3890,   Index = 0/4
  Left =  17,  Col =   8,  Size =     3893,  Time:  6.47                

  Left =  16,  Col =  57,  Size =     3893  Time:  6.51
  Left =  16,  Col =  57,  Size =     3891,   Index = 0/4
  Left =  16,  Col =  57,  Size =     3894,  Time:  6.59                

  Left =  15,  Col =  60,  Size =     3894  Time:  6.64
  Left =  15,  Col =  60,  Size =     3890,   Index = 0/4
  Left =  15,  Col =  60,  Size =     3894,  Time:  6.71                

  Left =  14,  Col =  90,  Size =     3894  Time:  6.75
  Left =  14,  Col =  90,  Size =     3890,   Index = 0/4
  Left =  14,  Col =  90,  Size =     3896,  Time:  6.83                

  Left =  13,  Col = 111,  Size =     3896  Time:  6.88
  Left =  13,  Col = 111,  Size =     3895,   Index = 0/4
  Left =  13,  Col = 111,  Size =     3898,  Time:  6.95                

  Left =  12,  Col = 115,  Size =     3898  Time:  7.01
  Left =  12,  Col = 115,  Size =     3896,   Index = 0/4
  Left =  12,  Col = 115,  Size =     3898,  Time:  7.08                

  Left =  11,  Col =  56,  Size =     3898  Time:  7.13
  Left =  11,  Col =  56,  Size =     3895,   Index = 0/3
  Left =  11,  Col =  56,  Size =     3898,  Time:  7.20                

  Left =  10,  Col =  68,  Size =     3898  Time:  7.25
  Left =  10,  Col =  68,  Size =     3895,   Index = 0/3
  Left =  10,  Col =  68,  Size =     3899,  Time:  7.32                

  Left =   9,  Col = 104,  Size =     3899  Time:  7.37
  Left =   9,  Col = 104,  Size =     3898,   Index = 0/3
  Left =   9,  Col = 104,  Size =     3899,  Time:  7.44                

  Left =   8,  Col =  71,  Size =     3899  Time:  7.49
  Left =   8,  Col =  71,  Size =     3897,   Index = 0/2
  Left =   8,  Col =  71,  Size =     3899,  Time:  7.56                

  Left =   7,  Col =  99,  Size =     3899  Time:  7.61
  Left =   7,  Col =  99,  Size =     3897,   Index = 0/2
  Left =   7,  Col =  99,  Size =     3899,  Time:  7.68                

  Left =   6,  Col = 114,  Size =     3899  Time:  7.73
  Left =   6,  Col = 114,  Size =     3897,   Index = 0/2
  Left =   6,  Col = 114,  Size =     3899,  Time:  7.80                

  Left =   5,  Col = 118,  Size =     3899  Time:  7.85
  Left =   5,  Col = 118,  Size =     3899,   Index = 0/2
  Left =   5,  Col = 118,  Size =     3899,  Time:  7.93                

  Left =   4,  Col =  10,  Size =     3899  Time:  7.99
  Left =   4,  Col =  10,  Size =     3899,   Index = 0/1
  Left =   4,  Col =  10,  Size =     3899,  Time:  8.07                

  Left =   3,  Col =  14,  Size =     3899  Time:  8.13
  Left =   3,  Col =  14,  Size =     3899,   Index = 0/1
  Left =   3,  Col =  14,  Size =     3899,  Time:  8.23                

  Left =   2,  Col =  20,  Size =     3899  Time:  8.30
  Left =   2,  Col =  20,  Size =     3899,   Index = 0/1
  Left =   2,  Col =  20,  Size =     3899,  Time:  8.40                

  Left =   1,  Col =  91,  Size =     3899  Time:  8.47
  Left =   1,  Col =  91,  Size =     3899,   Index = 0/1
  Left =   1,  Col =  91,  Size =     3899,  Time:  8.57                
done.

Volume (using the triangulation-determinant method)
     Answer: 8960725000000000000/63
     Decimal: 142233730158730158.73015873015873
     Time: 8.74 sec
Computational time (algorithms + processing + program control)
     Total time: 8.76 sec
