This is LattE integrale 1.7.6
Available from http://www.math.ucdavis.edu/~latte/

Invocation: count '--triangulation=4ti2' '--dualization=4ti2' '--compute-vertex-cones=4ti2' --cdd ./results/ocds_exact_p_2_k_2_dec_4_rndeps_0_appeps_0_generalist_n_400/input_51_run_0.ine 
Warning: Not performing check for empty polytope, because it is unimplemented for the CDD-style input format. 
size = 9 x 5
Number Type = rational
Removing redundant inequalities and finding hidden equalities using cddlib...done. 
Ax <= b, given as (b|-A):
=========================
[0 1 0 0 0]
[0 0 0 0 1]

Ax = b, given as (b|-A):
========================
[14960 -77 -17 -17 -77]
[104720 -77 -357 -357 -77]
[74800 -77 -17 -357 -297]

Computing hermitean normal form.
sol:
[14960 1752 2992 0]
Particular solution:
[9112 -5720 5984 -8976]
Basis:
[-17 11 -11 17]
New inequalities:
[9112 -17 0]
[-8976 17 0]
Time for reading and preprocessing: 0 sec
Ray Support Algorithm.
The codimension is 2

  Left =   1,  Col =   2,  Size =        2  Time:  0.00
  Left =   1,  Col =   2,  Size =        2,  Time:  0.00                
The polytope has 2 vertices.
Time for computing vertices and supporting cones: 0 sec
Time for dualizing general cones: 0 sec
Dualizing all cones...All cones are now dualized.
Time for dualizing general cones: 0 sec
decomposeCones_Single: Decomposing all cones. (Memory Save on)
2 cones total to be done!decomposeCones_Single: degree = 1
Number of cones: 2
Triangulating cone... done.
0 vertex cones done. 
Triangulating cone... done.
1 vertex cones done. 

Total Unimodular Cones: 2
Maximum number of simplicial cones in memory at once: 0

****  The number of lattice points is: 9  ****

Total time: 0 sec
