This is LattE integrale 1.7.6
Available from http://www.math.ucdavis.edu/~latte/

Invocation: integrate --valuation=volume --triangulate --triangulation=4ti2 --dualization=4ti2 --compute-vertex-cones=4ti2 --cdd ./results/ocds_exact_p_2_k_2_dec_4_rndeps_0_appeps_0_generalist_n_400/input_35_run_0.ine 
Warning: Not performing check for empty polytope, because it is unimplemented for the CDD-style input format. 
size = 9 x 5
Number Type = rational
Removing redundant inequalities and finding hidden equalities using cddlib...done. 
Ax <= b, given as (b|-A):
=========================
[0 0 1 0 0]
[0 0 0 1 0]

Ax = b, given as (b|-A):
========================
[6240 -18 -13 -13 -18]
[5200 -18 -13 -13 -8]
[5200 -8 -13 -13 -18]

Computing hermitean normal form.
sol:
[6240 -104 -2416 0]
Particular solution:
[104 192 0 104]
Basis:
[0 -1 1 0]
New inequalities:
[192 -1 0]
[0 1 0]
Time for reading and preprocessing: 0 sec
(First dualizing back... Dualizing all cones...All cones are now dualized.
Time for dualizing general cones: 0 sec
done!) Triangulating cone... done.

Volume (using the triangulation-determinant method)
     Answer: 192
     Decimal: 192
     Time: 0 sec
Computational time (algorithms + processing + program control)
     Total time: 0 sec
