This is LattE integrale 1.7.6
Available from http://www.math.ucdavis.edu/~latte/

Invocation: integrate --valuation=volume --triangulate --triangulation=4ti2 --dualization=4ti2 --compute-vertex-cones=4ti2 --cdd ./results/ocds_exact_p_2_k_2_dec_4_rndeps_0_appeps_0_generalist_n_400/input_16_run_0.ine 
Warning: Not performing check for empty polytope, because it is unimplemented for the CDD-style input format. 
size = 9 x 5
Number Type = rational
Removing redundant inequalities and finding hidden equalities using cddlib...done. 
Ax <= b, given as (b|-A):
=========================
[0 1 0 0 0]
[0 0 0 0 1]

Ax = b, given as (b|-A):
========================
[38480 -333 -13 -13 -333]
[173160 -333 -468 -468 -333]
[96200 -333 -13 -468 -148]

Computing hermitean normal form.
sol:
[38480 14792 11544 0]
Particular solution:
[369512 150368 -150072 -369408]
Basis:
[-91 -37 37 91]
New inequalities:
[369512 -91 0]
[-369408 91 0]
Time for reading and preprocessing: 0 sec
(First dualizing back... Dualizing all cones...All cones are now dualized.
Time for dualizing general cones: 0 sec
done!) Triangulating cone... done.

Volume (using the triangulation-determinant method)
     Answer: 8/7
     Decimal: 1.1428571428571428571428571428571
     Time: 0 sec
Computational time (algorithms + processing + program control)
     Total time: 0 sec
