This is LattE integrale 1.7.6
Available from http://www.math.ucdavis.edu/~latte/

Invocation: integrate --valuation=volume --triangulate --triangulation=4ti2 --dualization=4ti2 --compute-vertex-cones=4ti2 --cdd ./results/ocds_exact_p_2_k_2_dec_4_rndeps_0_appeps_0_generalist_n_400/input_29_run_0.ine 
Warning: Not performing check for empty polytope, because it is unimplemented for the CDD-style input format. 
size = 9 x 5
Number Type = rational
Removing redundant inequalities and finding hidden equalities using cddlib...done. 
Ax <= b, given as (b|-A):
=========================
[0 1 0 0 0]
[0 0 0 0 1]

Ax = b, given as (b|-A):
========================
[32480 -174 -14 -14 -174]
[73080 -174 -189 -189 -174]
[40600 -174 -14 -189 -29]

Computing hermitean normal form.
sol:
[16240 -4664 1624 0]
Particular solution:
[-9576 -7888 8120 9744]
Basis:
[35 29 -29 -35]
New inequalities:
[-9576 35 0]
[9744 -35 0]
Time for reading and preprocessing: 0 sec
(First dualizing back... Dualizing all cones...All cones are now dualized.
Time for dualizing general cones: 0 sec
done!) Triangulating cone... done.

Volume (using the triangulation-determinant method)
     Answer: 24/5
     Decimal: 4.8
     Time: 0 sec
Computational time (algorithms + processing + program control)
     Total time: 0 sec
