This is LattE integrale 1.7.6
Available from http://www.math.ucdavis.edu/~latte/

Invocation: integrate --valuation=volume --triangulate --triangulation=4ti2 --dualization=4ti2 --compute-vertex-cones=4ti2 --cdd ./results/ocds_exact_p_2_k_2_dec_4_rndeps_0_appeps_0_generalist_n_400/input_14_run_0.ine 
Warning: Not performing check for empty polytope, because it is unimplemented for the CDD-style input format. 
size = 9 x 5
Number Type = rational
Removing redundant inequalities and finding hidden equalities using cddlib...done. 
Ax <= b, given as (b|-A):
=========================
[0 1 0 0 0]
[0 0 0 0 1]

Ax = b, given as (b|-A):
========================
[47120 -217 -57 -57 -217]
[164920 -217 -532 -532 -217]
[117800 -217 -57 -532 -372]

Computing hermitean normal form.
sol:
[47120 -21496 14136 0]
Particular solution:
[-650104 212288 -212040 650256]
Basis:
[95 -31 31 -95]
New inequalities:
[-650104 95 0]
[650256 -95 0]
Time for reading and preprocessing: 0 sec
(First dualizing back... Dualizing all cones...All cones are now dualized.
Time for dualizing general cones: 0 sec
done!) Triangulating cone... done.

Volume (using the triangulation-determinant method)
     Answer: 8/5
     Decimal: 1.6
     Time: 0 sec
Computational time (algorithms + processing + program control)
     Total time: 0 sec
