This is LattE integrale 1.7.6
Available from http://www.math.ucdavis.edu/~latte/

Invocation: integrate --valuation=volume --triangulate --triangulation=4ti2 --dualization=4ti2 --compute-vertex-cones=4ti2 --cdd ./results/ocds_exact_p_2_k_2_dec_4_rndeps_0_appeps_0_generalist_n_400/input_11_run_0.ine 
Warning: Not performing check for empty polytope, because it is unimplemented for the CDD-style input format. 
size = 9 x 5
Number Type = rational
Removing redundant inequalities and finding hidden equalities using cddlib...done. 
Ax <= b, given as (b|-A):
=========================
[0 0 1 0 0]
[0 0 0 1 0]

Ax = b, given as (b|-A):
========================
[6160 -11 -21 -21 -11]
[12320 -11 -56 -56 -11]
[15400 -11 -21 -56 -66]

Computing hermitean normal form.
sol:
[6160 576 1848 0]
Particular solution:
[-3472 5720 -5544 3696]
Basis:
[7 -11 11 -7]
New inequalities:
[5720 -11 0]
[-5544 11 0]
Time for reading and preprocessing: 0 sec
(First dualizing back... Dualizing all cones...All cones are now dualized.
Time for dualizing general cones: 0 sec
done!) Triangulating cone... done.

Volume (using the triangulation-determinant method)
     Answer: 16
     Decimal: 16
     Time: 0 sec
Computational time (algorithms + processing + program control)
     Total time: 0 sec
