This is LattE integrale 1.7.6
Available from http://www.math.ucdavis.edu/~latte/

Invocation: integrate --valuation=volume --triangulate --triangulation=4ti2 --dualization=4ti2 --compute-vertex-cones=4ti2 --cdd ./results/ocds_exact_p_2_k_2_dec_4_rndeps_0_appeps_0_generalist_n_400/input_7_run_0.ine 
Warning: Not performing check for empty polytope, because it is unimplemented for the CDD-style input format. 
size = 9 x 5
Number Type = rational
Removing redundant inequalities and finding hidden equalities using cddlib...done. 
Ax <= b, given as (b|-A):
=========================
[0 1 0 0 0]
[0 0 0 0 1]

Ax = b, given as (b|-A):
========================
[19240 -148 -13 -13 -148]
[153920 -148 -468 -468 -148]
[96200 -148 -13 -468 -333]

Computing hermitean normal form.
sol:
[19240 -7408 15392 0]
Particular solution:
[-492440 200392 -200096 492544]
Basis:
[91 -37 37 -91]
New inequalities:
[-492440 91 0]
[492544 -91 0]
Time for reading and preprocessing: 0 sec
(First dualizing back... Dualizing all cones...All cones are now dualized.
Time for dualizing general cones: 0 sec
done!) Triangulating cone... done.

Volume (using the triangulation-determinant method)
     Answer: 8/7
     Decimal: 1.1428571428571428571428571428571
     Time: 0 sec
Computational time (algorithms + processing + program control)
     Total time: 0 sec
