This is LattE integrale 1.7.6
Available from http://www.math.ucdavis.edu/~latte/

Invocation: integrate --valuation=volume --triangulate --triangulation=4ti2 --dualization=4ti2 --compute-vertex-cones=4ti2 --cdd ./results/ocds_exact_p_2_k_2_dec_4_rndeps_0_appeps_0_generalist_n_400/input_3_run_0.ine 
Warning: Not performing check for empty polytope, because it is unimplemented for the CDD-style input format. 
size = 9 x 5
Number Type = rational
Removing redundant inequalities and finding hidden equalities using cddlib...done. 
Ax <= b, given as (b|-A):
=========================
[0 0 1 0 0]
[0 0 0 1 0]

Ax = b, given as (b|-A):
========================
[8120 -14 -29 -29 -14]
[32480 -14 -174 -174 -14]
[40600 -14 -29 -174 -189]

Computing hermitean normal form.
sol:
[8120 -568 6496 0]
Particular solution:
[-32248 39144 -38976 32480]
Basis:
[29 -35 35 -29]
New inequalities:
[39144 -35 0]
[-38976 35 0]
Time for reading and preprocessing: 0 sec
(First dualizing back... Dualizing all cones...All cones are now dualized.
Time for dualizing general cones: 0 sec
done!) Triangulating cone... done.

Volume (using the triangulation-determinant method)
     Answer: 24/5
     Decimal: 4.8
     Time: 0 sec
Computational time (algorithms + processing + program control)
     Total time: 0 sec
