This is LattE integrale 1.7.6
Available from http://www.math.ucdavis.edu/~latte/

Invocation: count '--triangulation=4ti2' '--dualization=4ti2' '--compute-vertex-cones=4ti2' --cdd ./results/ocds_exact_p_2_k_2_dec_4_rndeps_0_appeps_0_generalist_n_400/input_83_run_0.ine 
Warning: Not performing check for empty polytope, because it is unimplemented for the CDD-style input format. 
size = 9 x 5
Number Type = rational
Removing redundant inequalities and finding hidden equalities using cddlib...done. 
Ax <= b, given as (b|-A):
=========================
[0 0 1 0 0]
[0 0 0 1 0]

Ax = b, given as (b|-A):
========================
[48720 -189 -29 -29 -189]
[73080 -189 -174 -174 -189]
[40600 -189 -29 -174 -14]

Computing hermitean normal form.
sol:
[48720 3352 -1624 0]
Particular solution:
[-7888 -9576 9744 8120]
Basis:
[-29 -35 35 29]
New inequalities:
[-9576 -35 0]
[9744 35 0]
Time for reading and preprocessing: 0 sec
Ray Support Algorithm.
The codimension is 2

  Left =   1,  Col =   2,  Size =        2  Time:  0.00
  Left =   1,  Col =   2,  Size =        2,  Time:  0.00                
The polytope has 2 vertices.
Time for computing vertices and supporting cones: 0 sec
Time for dualizing general cones: 0 sec
Dualizing all cones...All cones are now dualized.
Time for dualizing general cones: 0 sec
decomposeCones_Single: Decomposing all cones. (Memory Save on)
2 cones total to be done!decomposeCones_Single: degree = 1
Number of cones: 2
Triangulating cone... done.
0 vertex cones done. 
Triangulating cone... done.
1 vertex cones done. 

Total Unimodular Cones: 2
Maximum number of simplicial cones in memory at once: 0

****  The number of lattice points is: 5  ****

Total time: 0 sec
