This is LattE integrale 1.7.6
Available from http://www.math.ucdavis.edu/~latte/

Invocation: count '--triangulation=4ti2' '--dualization=4ti2' '--compute-vertex-cones=4ti2' --irrational-all-primal '--maxdet=1000' --exponential --cdd ./results/ocds_exact_p_2_k_2_dec_4_rndeps_0_appeps_0_generalist_n_400/input_75_run_2.ine 
Warning: Not performing check for empty polytope, because it is unimplemented for the CDD-style input format. 
size = 5 x 5
Number Type = rational
Removing redundant inequalities and finding hidden equalities using cddlib...done. 
Ax <= b, given as (b|-A):
=========================
[0 1 0 0 0]
[400 -1 -1 -1 0]
[0 0 1 0 0]
[0 0 0 1 0]

Ax = b, given as (b|-A):
========================
[-400 1 1 1 1]

Computing hermitean normal form.
sol:
[-400 0 0 0]
Particular solution:
[400 0 0 0]
Basis:
[-1 1 0 0]
[-1 0 1 0]
[-1 0 0 1]
New inequalities:
[400 -1 -1 -1 0]
[0 0 0 1 0]
[0 1 0 0 0]
[0 0 1 0 0]
Time for reading and preprocessing: 0 sec
Ray Support Algorithm.
The codimension is 4

  Left =   1,  Col =   4,  Size =        4  Time:  0.00
  Left =   1,  Col =   4,  Size =        4,  Time:  0.00                
The polytope has 4 vertices.
Time for computing vertices and supporting cones: 0 sec
Time for dualizing general cones: 0 sec
Irrationalizing polyhedral cones... (First computing their rays... Dualizing all cones...All cones are now dualized.
Time for dualizing general cones: 0 sec
Dualizing all cones...All cones are now dualized.
Time for dualizing general cones: 0 sec
done; sorry for the interruption.) Time for irrationalizing general cones: 0 sec
Triangulating cone... done.
0 vertex cones done. 
Triangulating cone... done.
1 vertex cones done. 
Triangulating cone... done.
2 vertex cones done. 
Triangulating cone... done.
3 vertex cones done. 

****  The number of lattice points is: 10827401  ****

Total time: 0 sec
