This is LattE integrale 1.7.6
Available from http://www.math.ucdavis.edu/~latte/

Invocation: count '--triangulation=4ti2' '--dualization=4ti2' '--compute-vertex-cones=4ti2' --irrational-all-primal '--maxdet=1000' --exponential --cdd ./results/ocds_exact_p_2_k_2_dec_4_rndeps_0_appeps_0_generalist_n_400/input_55_run_2.ine 
Warning: Not performing check for empty polytope, because it is unimplemented for the CDD-style input format. 
size = 9 x 5
Number Type = rational
Removing redundant inequalities and finding hidden equalities using cddlib...done. 
Ax <= b, given as (b|-A):
=========================
[0 0 0 1 0]
[-120 1 1 0 0]
[-80 1 0 1 0]
[200 0 -1 -1 0]
[320 -1 0 -1 0]
[0 0 1 0 0]
[-40 0 1 1 0]
[280 -1 -1 0 0]

Ax = b, given as (b|-A):
========================
[-400 1 1 1 1]

Computing hermitean normal form.
sol:
[-400 0 0 0]
Particular solution:
[400 0 0 0]
Basis:
[-1 1 0 0]
[-1 0 1 0]
[-1 0 0 1]
New inequalities:
[0 0 1 0 0]
[280 0 -1 -1 0]
[320 -1 0 -1 0]
[200 -1 -1 0 0]
[-80 1 0 1 0]
[0 1 0 0 0]
[-40 1 1 0 0]
[-120 0 1 1 0]
Time for reading and preprocessing: 0 sec
Ray Support Algorithm.
The codimension is 8

  Left =   5,  Col =   4,  Size =        4  Time:  0.00
  Left =   5,  Col =   4,  Size =        6,   Index = 0/1
  Left =   5,  Col =   4,  Size =        6,  Time:  0.00                

  Left =   4,  Col =   5,  Size =        6  Time:  0.00
  Left =   4,  Col =   5,  Size =        7,   Index = 0/1
  Left =   4,  Col =   5,  Size =        7,  Time:  0.00                

  Left =   3,  Col =   6,  Size =        7  Time:  0.00
  Left =   3,  Col =   6,  Size =        6,   Index = 0/2
  Left =   3,  Col =   6,  Size =        8,  Time:  0.00                

  Left =   2,  Col =   7,  Size =        8  Time:  0.00
  Left =   2,  Col =   7,  Size =        7,   Index = 0/2
  Left =   2,  Col =   7,  Size =        8,  Time:  0.00                

  Left =   1,  Col =   8,  Size =        8  Time:  0.00
  Left =   1,  Col =   8,  Size =        8,  Time:  0.00                
The polytope has 8 vertices.
Time for computing vertices and supporting cones: 0 sec
Time for dualizing general cones: 0 sec
Irrationalizing polyhedral cones... (First computing their rays... Dualizing all cones...All cones are now dualized.
Time for dualizing general cones: 0 sec
Dualizing all cones...Ray Support Algorithm.
The codimension is 4

  Left =   1,  Col =   3,  Size =        3  Time:  0.00
  Left =   1,  Col =   3,  Size =        4,   Index = 0/1
  Left =   1,  Col =   3,  Size =        4,  Time:  0.00                
Ray Support Algorithm.
The codimension is 4

  Left =   1,  Col =   3,  Size =        3  Time:  0.00
  Left =   1,  Col =   3,  Size =        4,   Index = 0/1
  Left =   1,  Col =   3,  Size =        4,  Time:  0.00                
Ray Support Algorithm.
The codimension is 4

  Left =   1,  Col =   3,  Size =        3  Time:  0.00
  Left =   1,  Col =   3,  Size =        4,   Index = 0/1
  Left =   1,  Col =   3,  Size =        4,  Time:  0.00                
Ray Support Algorithm.
The codimension is 4

  Left =   1,  Col =   3,  Size =        3  Time:  0.00
  Left =   1,  Col =   3,  Size =        4,   Index = 0/1
  Left =   1,  Col =   3,  Size =        4,  Time:  0.00                
All cones are now dualized.
Time for dualizing general cones: 0 sec
done; sorry for the interruption.) size = 8 x 5
Number Type = integer
size = 8 x 5
Number Type = integer
size = 8 x 5
Number Type = integer
size = 8 x 5
Number Type = integer
Time for irrationalizing general cones: 0 sec
Triangulating cone... Ray Support Algorithm.
The codimension is 5

  Left =   1,  Col =   4,  Size =        4  Time:  0.00
  Left =   1,  Col =   4,  Size =        4,   Index = 0/2
  Left =   1,  Col =   4,  Size =        6,  Time:  0.00                
done.
0 vertex cones done. 
Triangulating cone... Ray Support Algorithm.
The codimension is 5

  Left =   1,  Col =   4,  Size =        4  Time:  0.00
  Left =   1,  Col =   4,  Size =        4,   Index = 0/2
  Left =   1,  Col =   4,  Size =        6,  Time:  0.00                
done.
1 vertex cones done. 
Triangulating cone... Ray Support Algorithm.
The codimension is 5

  Left =   1,  Col =   4,  Size =        4  Time:  0.00
  Left =   1,  Col =   4,  Size =        4,   Index = 0/2
  Left =   1,  Col =   4,  Size =        6,  Time:  0.00                
done.
2 vertex cones done. 
Triangulating cone... Ray Support Algorithm.
The codimension is 5

  Left =   1,  Col =   4,  Size =        4  Time:  0.00
  Left =   1,  Col =   4,  Size =        4,   Index = 0/2
  Left =   1,  Col =   4,  Size =        6,  Time:  0.00                
done.
3 vertex cones done. 
Triangulating cone... done.
4 vertex cones done. 
Triangulating cone... done.
5 vertex cones done. 
Triangulating cone... done.
6 vertex cones done. 
Triangulating cone... done.
7 vertex cones done. 

****  The number of lattice points is: 2434441  ****

Total time: 0 sec
